# JRE version: Java(TM) SE Runtime Environment (23.0.1+11) (build 23.0.1+11-39)
# Java VM: Java HotSpot(TM) 64-Bit Server VM (23.0.1+11-39, mixed mode, sharing, tiered, compressed oops, compressed class ptrs, g1 gc, windows-amd64)
GC Precious Log:
 CardTable entry size: 512
 Card Set container configuration: InlinePtr #cards 5 size 8 Array Of Cards #cards 10 size 36 Howl #buckets 4 coarsen threshold 1843 Howl Bitmap #cards 512 size 80 coarsen threshold 460 Card regions per heap region 1 cards per card region 2048
 CPUs: 4 total, 4 available
 Memory: 3460M
 Large Page Support: Disabled
 NUMA Support: Disabled
 Compressed Oops: Enabled (32-bit)
 Heap Region Size: 1M
 Heap Min Capacity: 8M
 Heap Initial Capacity: 56M
 Heap Max Capacity: 866M
 Pre-touch: Disabled
 Parallel Workers: 4
 Concurrent Workers: 1
 Concurrent Refinement Workers: 4
 Periodic GC: Disabled
Heap:
 garbage-first heap   total reserved 886784K, committed 587776K, used 475648K [0x00000000c9e00000, 0x0000000100000000)
  region size 1024K, 12 young (12288K), 12 survivors (12288K)
 Metaspace       used 12486K, committed 12736K, reserved 1114112K
  class space    used 1468K, committed 1600K, reserved 1048576K
GC Heap History (20 events):
Event: 10.932 GC heap after
{Heap after GC invocations=19 (full 0):
 garbage-first heap   total reserved 886784K, committed 448512K, used 204800K [0x00000000c9e00000, 0x0000000100000000)
  region size 1024K, 9 young (9216K), 9 survivors (9216K)
 Metaspace       used 12417K, committed 12672K, reserved 1114112K
  class space    used 1468K, committed 1600K, reserved 1048576K
}
Event: 11.445 GC heap before
{Heap before GC invocations=20 (full 0):
 garbage-first heap   total reserved 886784K, committed 448512K, used 334848K [0x00000000c9e00000, 0x0000000100000000)
  region size 1024K, 136 young (139264K), 9 survivors (9216K)
 Metaspace       used 12430K, committed 12672K, reserved 1114112K
  class space    used 1468K, committed 1600K, reserved 1048576K
}
Event: 11.507 GC heap after
{Heap after GC invocations=21 (full 0):
 garbage-first heap   total reserved 886784K, committed 448512K, used 251392K [0x00000000c9e00000, 0x0000000100000000)
  region size 1024K, 17 young (17408K), 17 survivors (17408K)
 Metaspace       used 12430K, committed 12672K, reserved 1114112K
  class space    used 1468K, committed 1600K, reserved 1048576K
}
Event: 11.788 GC heap before
{Heap before GC invocations=21 (full 0):
 garbage-first heap   total reserved 886784K, committed 448512K, used 354816K [0x00000000c9e00000, 0x0000000100000000)
  region size 1024K, 118 young (120832K), 17 survivors (17408K)
 Metaspace       used 12450K, committed 12672K, reserved 1114112K
  class space    used 1468K, committed 1600K, reserved 1048576K
}
Event: 11.845 GC heap after
{Heap after GC invocations=22 (full 0):
 garbage-first heap   total reserved 886784K, committed 448512K, used 260608K [0x00000000c9e00000, 0x0000000100000000)
  region size 1024K, 15 young (15360K), 15 survivors (15360K)
 Metaspace       used 12450K, committed 12672K, reserved 1114112K
  class space    used 1468K, committed 1600K, reserved 1048576K
}
Event: 12.034 GC heap before
{Heap before GC invocations=22 (full 0):
 garbage-first heap   total reserved 886784K, committed 448512K, used 361984K [0x00000000c9e00000, 0x0000000100000000)
  region size 1024K, 113 young (115712K), 15 survivors (15360K)
 Metaspace       used 12455K, committed 12672K, reserved 1114112K
  class space    used 1468K, committed 1600K, reserved 1048576K
}
Event: 12.084 GC heap after
{Heap after GC invocations=23 (full 0):
 garbage-first heap   total reserved 886784K, committed 448512K, used 299008K [0x00000000c9e00000, 0x0000000100000000)
  region size 1024K, 15 young (15360K), 15 survivors (15360K)
 Metaspace       used 12455K, committed 12672K, reserved 1114112K
  class space    used 1468K, committed 1600K, reserved 1048576K
}
Event: 12.259 GC heap before
{Heap before GC invocations=23 (full 0):
 garbage-first heap   total reserved 886784K, committed 448512K, used 380928K [0x00000000c9e00000, 0x0000000100000000)
  region size 1024K, 95 young (97280K), 15 survivors (15360K)
 Metaspace       used 12455K, committed 12672K, reserved 1114112K
  class space    used 1468K, committed 1600K, reserved 1048576K
}
Event: 12.297 GC heap after
{Heap after GC invocations=24 (full 0):
 garbage-first heap   total reserved 886784K, committed 448512K, used 329728K [0x00000000c9e00000, 0x0000000100000000)
  region size 1024K, 12 young (12288K), 12 survivors (12288K)
 Metaspace       used 12455K, committed 12672K, reserved 1114112K
  class space    used 1468K, committed 1600K, reserved 1048576K
}
Event: 12.420 GC heap before
{Heap before GC invocations=24 (full 0):
 garbage-first heap   total reserved 886784K, committed 448512K, used 394240K [0x00000000c9e00000, 0x0000000100000000)
  region size 1024K, 75 young (76800K), 12 survivors (12288K)
 Metaspace       used 12455K, committed 12672K, reserved 1114112K
  class space    used 1468K, committed 1600K, reserved 1048576K
}
Event: 12.455 GC heap after
{Heap after GC invocations=25 (full 0):
 garbage-first heap   total reserved 886784K, committed 536576K, used 353792K [0x00000000c9e00000, 0x0000000100000000)
  region size 1024K, 10 young (10240K), 10 survivors (10240K)
 Metaspace       used 12455K, committed 12672K, reserved 1114112K
  class space    used 1468K, committed 1600K, reserved 1048576K
}
Event: 12.833 GC heap before
{Heap before GC invocations=26 (full 0):
 garbage-first heap   total reserved 886784K, committed 587776K, used 450048K [0x00000000c9e00000, 0x0000000100000000)
  region size 1024K, 106 young (108544K), 10 survivors (10240K)
 Metaspace       used 12470K, committed 12672K, reserved 1114112K
  class space    used 1468K, committed 1600K, reserved 1048576K
}
Event: 12.891 GC heap after
{Heap after GC invocations=27 (full 0):
 garbage-first heap   total reserved 886784K, committed 587776K, used 387584K [0x00000000c9e00000, 0x0000000100000000)
  region size 1024K, 14 young (14336K), 14 survivors (14336K)
 Metaspace       used 12470K, committed 12672K, reserved 1114112K
  class space    used 1468K, committed 1600K, reserved 1048576K
}
Event: 13.099 GC heap before
{Heap before GC invocations=27 (full 0):
 garbage-first heap   total reserved 886784K, committed 587776K, used 497152K [0x00000000c9e00000, 0x0000000100000000)
  region size 1024K, 120 young (122880K), 14 survivors (14336K)
 Metaspace       used 12470K, committed 12672K, reserved 1114112K
  class space    used 1468K, committed 1600K, reserved 1048576K
}
Event: 13.176 GC heap after
{Heap after GC invocations=28 (full 0):
 garbage-first heap   total reserved 886784K, committed 587776K, used 376320K [0x00000000c9e00000, 0x0000000100000000)
  region size 1024K, 15 young (15360K), 15 survivors (15360K)
 Metaspace       used 12470K, committed 12672K, reserved 1114112K
  class space    used 1468K, committed 1600K, reserved 1048576K
}
Event: 13.341 GC heap before
{Heap before GC invocations=28 (full 0):
 garbage-first heap   total reserved 886784K, committed 587776K, used 494080K [0x00000000c9e00000, 0x0000000100000000)
  region size 1024K, 128 young (131072K), 15 survivors (15360K)
 Metaspace       used 12477K, committed 12736K, reserved 1114112K
  class space    used 1468K, committed 1600K, reserved 1048576K
}
Event: 13.416 GC heap after
{Heap after GC invocations=29 (full 0):
 garbage-first heap   total reserved 886784K, committed 587776K, used 414208K [0x00000000c9e00000, 0x0000000100000000)
  region size 1024K, 16 young (16384K), 16 survivors (16384K)
 Metaspace       used 12477K, committed 12736K, reserved 1114112K
  class space    used 1468K, committed 1600K, reserved 1048576K
}
Event: 13.574 GC heap before
{Heap before GC invocations=29 (full 0):
 garbage-first heap   total reserved 886784K, committed 587776K, used 509440K [0x00000000c9e00000, 0x0000000100000000)
  region size 1024K, 109 young (111616K), 16 survivors (16384K)
 Metaspace       used 12484K, committed 12736K, reserved 1114112K
  class space    used 1468K, committed 1600K, reserved 1048576K
}
Event: 13.616 GC heap after
{Heap after GC invocations=30 (full 0):
 garbage-first heap   total reserved 886784K, committed 587776K, used 448000K [0x00000000c9e00000, 0x0000000100000000)
  region size 1024K, 14 young (14336K), 14 survivors (14336K)
 Metaspace       used 12484K, committed 12736K, reserved 1114112K
  class space    used 1468K, committed 1600K, reserved 1048576K
}
Event: 13.778 GC heap before
{Heap before GC invocations=30 (full 0):
 garbage-first heap   total reserved 886784K, committed 587776K, used 524800K [0x00000000c9e00000, 0x0000000100000000)
  region size 1024K, 89 young (91136K), 14 survivors (14336K)
 Metaspace       used 12486K, committed 12736K, reserved 1114112K
  class space    used 1468K, committed 1600K, reserved 1048576K
}

